g:\desktop\视觉资料\刘晓壮师姐\刘晓壮程序及说明\刘晓壮程序及说明\easy\easy\debug\vc120.pdb
g:\desktop\视觉资料\刘晓壮师姐\刘晓壮程序及说明\刘晓壮程序及说明\easy\easy\debug\vc120.idb
g:\desktop\视觉资料\刘晓壮师姐\刘晓壮程序及说明\刘晓壮程序及说明\easy\easy\debug\camera.obj
g:\desktop\视觉资料\刘晓壮师姐\刘晓壮程序及说明\刘晓壮程序及说明\easy\easy\debug\getimage.obj
g:\desktop\视觉资料\刘晓壮师姐\刘晓壮程序及说明\刘晓壮程序及说明\easy\easy\debug\main.obj
g:\desktop\视觉资料\刘晓壮师姐\刘晓壮程序及说明\刘晓壮程序及说明\easy\easy\debug\marksconstruction.obj
g:\desktop\视觉资料\刘晓壮师姐\刘晓壮程序及说明\刘晓壮程序及说明\easy\easy\debug\register.obj
g:\desktop\视觉资料\刘晓壮师姐\刘晓壮程序及说明\刘晓壮程序及说明\easy\easy\debug\threedimpoint.obj
c:\users\robot\desktop\项目代码\刘晓壮程序及说明\easy\easy\debug\camera.obj
c:\users\robot\desktop\项目代码\刘晓壮程序及说明\easy\easy\debug\getimage.obj
c:\users\robot\desktop\项目代码\刘晓壮程序及说明\easy\easy\debug\main.obj
c:\users\robot\desktop\项目代码\刘晓壮程序及说明\easy\easy\debug\marksconstruction.obj
c:\users\robot\desktop\项目代码\刘晓壮程序及说明\easy\easy\debug\register.obj
c:\users\robot\desktop\项目代码\刘晓壮程序及说明\easy\easy\debug\threedimpoint.obj
c:\users\robot\desktop\项目代码\刘晓壮程序及说明\easy\easy\debug\vc120.idb
c:\users\robot\desktop\项目代码\刘晓壮程序及说明\easy\easy\debug\vc120.pdb
c:\users\robot\desktop\项目代码\刘晓壮程序及说明\easy\debug\easy.pdb
c:\users\robot\desktop\项目代码\刘晓壮程序及说明\easy\easy\debug\easy.tlog\cl.command.1.tlog
c:\users\robot\desktop\项目代码\刘晓壮程序及说明\easy\easy\debug\easy.tlog\cl.read.1.tlog
c:\users\robot\desktop\项目代码\刘晓壮程序及说明\easy\easy\debug\easy.tlog\cl.write.1.tlog
c:\users\robot\desktop\项目代码\刘晓壮程序及说明\easy\easy\debug\easy.tlog\link-cvtres.read.1.tlog
c:\users\robot\desktop\项目代码\刘晓壮程序及说明\easy\easy\debug\easy.tlog\link-cvtres.write.1.tlog
c:\users\robot\desktop\项目代码\刘晓壮程序及说明\easy\easy\debug\easy.tlog\link-rc.read.1.tlog
c:\users\robot\desktop\项目代码\刘晓壮程序及说明\easy\easy\debug\easy.tlog\link-rc.write.1.tlog
c:\users\robot\desktop\项目代码\刘晓壮程序及说明\easy\easy\debug\easy.tlog\link.command.1.tlog
c:\users\robot\desktop\项目代码\刘晓壮程序及说明\easy\easy\debug\easy.tlog\link.read.1.tlog
c:\users\robot\desktop\项目代码\刘晓壮程序及说明\easy\easy\debug\easy.tlog\link.write.1.tlog
