生成启动时间为 2018/3/15 22:46:19。
     1>项目“C:\Users\robot\Desktop\项目代码\刘晓壮程序及说明\Easy\Easy\Easy.vcxproj”在节点 2 上(Rebuild 个目标)。
     1>ClCompile:
         C:\Program Files (x86)\Microsoft Visual Studio 12.0\VC\bin\CL.exe /c /ID:\boost_1_60_0\boost_1_60_0\stage\lib /I"C:\Users\robot\Documents\IC Imaging Control 3.4\classlib\include" /ZI /nologo /W3 /WX- /sdl /Od /Oy- /D WIN32 /D _DEBUG /D _CONSOLE /D _LIB /D _UNICODE /D UNICODE /Gm /EHsc /RTC1 /MDd /GS /fp:precise /Zc:wchar_t /Zc:forScope /Fo"Debug\\" /Fd"Debug\vc120.pdb" /Gd /TP /analyze- /errorReport:prompt /D "_CRT_SECURE_NO_DEPRECATE" Camera.cpp GetImage.cpp main.cpp MarksConstruction.cpp register.cpp ThreeDimPoint.cpp ThreeDimPoint.h
         ThreeDimPoint.h
         ThreeDimPoint.cpp
         register.cpp
         MarksConstruction.cpp
         main.cpp
         GetImage.cpp
     1>c:\users\robot\desktop\项目代码\刘晓壮程序及说明\easy\easy\getimage.cpp(112): warning C4244: “参数”: 从“double”转换到“int”，可能丢失数据
     1>c:\users\robot\desktop\项目代码\刘晓壮程序及说明\easy\easy\getimage.cpp(113): warning C4244: “参数”: 从“double”转换到“int”，可能丢失数据
         Camera.cpp
         正在生成代码...
     1>c:\users\robot\desktop\项目代码\刘晓壮程序及说明\easy\easy\threedimpoint.cpp(367): warning C4715: “OtherThree”: 不是所有的控件路径都返回值
       Link:
         C:\Program Files (x86)\Microsoft Visual Studio 12.0\VC\bin\link.exe /ERRORREPORT:PROMPT /OUT:"C:\Users\robot\Desktop\项目代码\刘晓壮程序及说明\Easy\Debug\Easy.exe" /INCREMENTAL /NOLOGO TIS_UDSHL11d.lib opencv_ml249d.lib opencv_calib3d249d.lib opencv_contrib249d.lib opencv_core249d.lib opencv_features2d249d.lib opencv_flann249d.lib opencv_gpu249d.lib opencv_highgui249d.lib opencv_imgproc249d.lib opencv_legacy249d.lib opencv_objdetect249d.lib opencv_ts249d.lib opencv_video249d.lib opencv_nonfree249d.lib opencv_ocl249d.lib opencv_photo249d.lib opencv_stitching249d.lib opencv_superres249d.lib opencv_videostab249d.lib opencv_objdetect249.lib opencv_ts249.lib opencv_video249.lib opencv_nonfree249.lib opencv_ocl249.lib opencv_photo249.lib opencv_stitching249.lib opencv_superres249.lib opencv_videostab249.lib opencv_calib3d249.lib opencv_contrib249.lib opencv_core249.lib opencv_features2d249.lib opencv_flann249.lib opencv_gpu249.lib opencv_highgui249.lib opencv_imgproc249.lib opencv_legacy249.lib opencv_ml249.lib kernel32.lib user32.lib gdi32.lib winspool.lib comdlg32.lib advapi32.lib shell32.lib ole32.lib oleaut32.lib uuid.lib odbc32.lib odbccp32.lib /MANIFEST /MANIFESTUAC:"level='asInvoker' uiAccess='false'" /manifest:embed /DEBUG /PDB:"C:\Users\robot\Desktop\项目代码\刘晓壮程序及说明\Easy\Debug\Easy.pdb" /SUBSYSTEM:CONSOLE /TLBID:1 /DYNAMICBASE /NXCOMPAT /IMPLIB:"C:\Users\robot\Desktop\项目代码\刘晓壮程序及说明\Easy\Debug\Easy.lib" /MACHINE:X86 Debug\Camera.obj
         Debug\GetImage.obj
         Debug\main.obj
         Debug\MarksConstruction.obj
         Debug\register.obj
         Debug\ThreeDimPoint.obj
         Debug\ThreeDimPoint.obj
     1>Debug\ThreeDimPoint.obj : warning LNK4042: 对象被多次指定；已忽略多余的指定
     1>MarksConstruction.obj : error LNK2019: 无法解析的外部符号 "class cv::Point3_<double> __cdecl OtherThree(class cv::Point3_<double>,class cv::Point3_<double>,class cv::Point3_<double>)" (?OtherThree@@YA?AV?$Point3_@N@cv@@V12@00@Z)，该符号在函数 "void __cdecl restructMarks(class std::vector<class cv::Point3_<double>,class std::allocator<class cv::Point3_<double> > > &)" (?restructMarks@@YAXAAV?$vector@V?$Point3_@N@cv@@V?$allocator@V?$Point3_@N@cv@@@std@@@std@@@Z) 中被引用
     1>C:\Users\robot\Desktop\项目代码\刘晓壮程序及说明\Easy\Debug\Easy.exe : fatal error LNK1120: 1 个无法解析的外部命令
     1>已完成生成项目“C:\Users\robot\Desktop\项目代码\刘晓壮程序及说明\Easy\Easy\Easy.vcxproj”(Rebuild 个目标)的操作 - 失败。

生成失败。

已用时间 00:00:13.98
