生成启动时间为 2017/2/23 10:02:53。
     1>项目“E:\程序\IC Imaging Control 3.4\samples\vc10\CreateVideoFileSmartptrShort\CreateVideoFile.vcxproj”在节点 2 上(Build 个目标)。
     1>C:\Program Files (x86)\MSBuild\Microsoft.Cpp\v4.0\V120\Microsoft.CppBuild.targets(362,5): warning MSB8003: Could not find WindowsSDKDir variable from the registry.  TargetFrameworkVersion or PlatformToolset may be set to an invalid version number.
     1>ClCompile:
         E:\Program Files\vs2013p\VC\bin\CL.exe /c /I../../../classlib/include /ZI /nologo /W3 /WX- /Od /Oy- /D WIN32 /D _DEBUG /D _CONSOLE /D _UNICODE /D UNICODE /D _USING_V110_SDK71_ /D _UNICODE /D UNICODE /Gm- /EHsc /RTC1 /MDd /GS /fp:precise /Zc:wchar_t /Zc:forScope /Fo"obj\Win32\Debug\\" /Fd"obj\Win32\Debug\vc120.pdb" /Gd /TP /analyze- /errorReport:prompt Hough.cpp Main.cpp
         Hough.cpp
     1>e:\program files\opencv\build\include\opencv2\flann\logger.h(66): warning C4996: 'fopen': This function or variable may be unsafe. Consider using fopen_s instead. To disable deprecation, use _CRT_SECURE_NO_WARNINGS. See online help for details.
                 e:\program files\vs2013p\vc\include\stdio.h(211) : 参见“fopen”的声明
         Main.cpp
     1>e:\program files\opencv\build\include\opencv2\flann\logger.h(66): warning C4996: 'fopen': This function or variable may be unsafe. Consider using fopen_s instead. To disable deprecation, use _CRT_SECURE_NO_WARNINGS. See online help for details.
                 e:\program files\vs2013p\vc\include\stdio.h(211) : 参见“fopen”的声明
     1>e:\程序\ic imaging control 3.4\samples\vc10\createvideofilesmartptrshort\main.cpp(21): warning C4996: 'DShowLib::Error::c_str': was declared deprecated. Instead, use the Error::toString() method.
                 e:\程序\ic imaging control 3.4\classlib\include\error.h(96) : 参见“DShowLib::Error::c_str”的声明
     1>e:\程序\ic imaging control 3.4\samples\vc10\createvideofilesmartptrshort\main.cpp(29): warning C4996: 'DShowLib::Error::c_str': was declared deprecated. Instead, use the Error::toString() method.
                 e:\程序\ic imaging control 3.4\classlib\include\error.h(96) : 参见“DShowLib::Error::c_str”的声明
         正在生成代码...
       Link:
         E:\Program Files\vs2013p\VC\bin\link.exe /ERRORREPORT:PROMPT /OUT:"../../../classlib/Win32/Debug\CreateVideoFile_vc10.exe" /INCREMENTAL /NOLOGO /LIBPATH:"E:\程序\IC Imaging Control 3.4\classlib\Win32\Debug\\" opencv_ml249d.lib opencv_calib3d249d.lib opencv_contrib249d.lib opencv_core249d.lib opencv_features2d249d.lib opencv_flann249d.lib opencv_gpu249d.lib opencv_highgui249d.lib opencv_imgproc249d.lib opencv_legacy249d.lib opencv_objdetect249d.lib opencv_ts249d.lib opencv_video249d.lib opencv_nonfree249d.lib opencv_ocl249d.lib opencv_photo249d.lib opencv_stitching249d.lib opencv_superres249d.lib opencv_videostab249d.lib kernel32.lib kernel32.lib user32.lib gdi32.lib winspool.lib comdlg32.lib advapi32.lib shell32.lib ole32.lib oleaut32.lib uuid.lib odbc32.lib odbccp32.lib /MANIFEST /MANIFESTUAC:"level='asInvoker' uiAccess='false'" /manifest:embed /DEBUG /PDB:"../../../classlib/Win32/Debug\CreateVideoFile_vc10.pdb" /SUBSYSTEM:CONSOLE,"5.01" /TLBID:1 /DYNAMICBASE /NXCOMPAT /IMPLIB:"../../../classlib/Win32/Debug\CreateVideoFile_vc10.lib" /MACHINE:X86 /SAFESEH obj\Win32\Debug\CameraSptr.obj
         obj\Win32\Debug\Hough.obj
         obj\Win32\Debug\Main.obj
     1>CameraSptr.obj : warning LNK4075: 忽略“/EDITANDCONTINUE”(由于“/SAFESEH”规范)
         CreateVideoFile.vcxproj -> E:\程序\IC Imaging Control 3.4\samples\vc10\CreateVideoFileSmartptrShort\../../../classlib/Win32/Debug\CreateVideoFile_vc10.exe
     1>已完成生成项目“E:\程序\IC Imaging Control 3.4\samples\vc10\CreateVideoFileSmartptrShort\CreateVideoFile.vcxproj”(Build 个目标)的操作。

生成成功。

已用时间 00:00:03.70
